<?xml version="1.0" encoding="UTF-8"?>
<!-- Generated by org.testng.reporters.JUnitReportReporter -->
<testsuite hostname="RAGHULSWETHA" failures="0" tests="11" name="TestLayer.ObjectC" time="20.633" errors="0" timestamp="2023-05-18T18:16:40 IST" skipped="0">
  <testcase classname="TestLayer.ObjectC" name="Obj" time="0.120"/>
  <system-out/>
  <testcase classname="TestLayer.ObjectC" name="boo" time="3.645"/>
  <system-out/>
  <testcase classname="TestLayer.ObjectC" name="doo" time="7.297"/>
  <system-out/>
  <testcase classname="TestLayer.ObjectC" name="price" time="0.095"/>
  <system-out/>
  <testcase classname="TestLayer.ObjectC" name="flight" time="3.496"/>
  <system-out/>
  <testcase classname="TestLayer.ObjectC" name="news" time="0.041"/>
  <system-out/>
  <testcase classname="TestLayer.ObjectC" name="total" time="0.036"/>
  <system-out/>
  <testcase classname="TestLayer.ObjectC" name="finish" time="1.765"/>
  <system-out/>
  <testcase classname="TestLayer.ObjectC" name="valid" time="3.050"/>
  <system-out/>
  <testcase classname="TestLayer.ObjectC" name="end" time="1.051"/>
  <system-out/>
  <testcase classname="TestLayer.ObjectC" name="Report" time="0.037"/>
  <system-out/>
</testsuite> <!-- TestLayer.ObjectC -->
